[Wed_Jun_30_09:55:11_2021]: SAAD21 Logged In.
[Wed_Jun_30_09:55:37_2021]: SAAD21 Checked Credits.
[Wed_Jun_30_09:56:20_2021]: SAAD21 Exited.
[Wed_Jun_30_10:02:53_2021]: SAAD21 Logged In.
[Wed_Jun_30_10:03:32_2021]: SAAD21 Started Game with saad.
[Wed_Jun_30_10:14:12_2021]: SAAD21 Logged In.
[Wed_Jun_30_10:14:21_2021]: SAAD21 Started Game with saad.
[Wed_Jun_30_10:29:55_2021]: SAAD21 Logged In.
[Wed_Jun_30_10:29:58_2021]: SAAD21 Checked Credits.
[Wed_Jun_30_10:31:47_2021]: SAAD21 Logged In.
[Wed_Jun_30_10:31:52_2021]: SAAD21 Started Game with 12345678.
[Wed_Jun_30_10:31:57_2021]: SAAD21 Checked Credits.
[Wed_Jun_30_10:35:07_2021]: SAAD21 Logged In.
[Wed_Jun_30_10:35:09_2021]: SAAD21 Checked Credits.
[Wed_Jun_30_10:35:25_2021]: SAAD21 Logged In.
[Wed_Jun_30_10:35:26_2021]: SAAD21 Checked Credits.
[Wed_Jun_30_10:35:46_2021]: SAAD21 Logged In.
[Wed_Jun_30_10:35:47_2021]: SAAD21 Checked Credits.
[Wed_Jun_30_10:36:14_2021]: SAAD21 Logged In.
[Wed_Jun_30_10:36:15_2021]: SAAD21 Checked Credits.
[Wed_Jun_30_10:36:20_2021]: SAAD21 Exited.
[Wed_Jun_30_10:36:38_2021]: SAAD21 Logged In.
[Wed_Jun_30_10:36:39_2021]: SAAD21 Checked Credits.
[Wed_Jun_30_10:37:09_2021]: SAAD21 Logged In.
[Wed_Jun_30_10:37:11_2021]: SAAD21 Checked Credits.
[Wed_Jun_30_10:37:30_2021]: SAAD21 Logged In.
[Wed_Jun_30_10:37:32_2021]: SAAD21 Checked Credits.
[Wed_Jun_30_10:38:05_2021]: SAAD21 Logged In.
[Wed_Jun_30_10:38:07_2021]: SAAD21 Checked Credits.
[Wed_Jun_30_10:39:51_2021]: SAAD21 Logged In.
[Wed_Jun_30_10:39:54_2021]: SAAD21 Started Game with s.
[Wed_Jun_30_10:39:59_2021]: SAAD21 Checked Credits.
[Wed_Jun_30_10:40:33_2021]: SAAD21 Logged In.
[Wed_Jun_30_10:40:34_2021]: SAAD21 Checked Credits.
[Wed_Jun_30_10:41:08_2021]: SAAD21 Logged In.
[Wed_Jun_30_10:41:09_2021]: SAAD21 Checked Credits.
[Wed_Jun_30_10:42:19_2021]: SAAD21 Logged In.
[Wed_Jun_30_10:42:20_2021]: SAAD21 Checked Credits.
[Wed_Jun_30_10:42:50_2021]: SAAD21 Logged In.
[Wed_Jun_30_10:42:51_2021]: SAAD21 Checked Credits.
[Wed_Jun_30_10:44:35_2021]: SAAD21 Logged In.
[Wed_Jun_30_10:44:37_2021]: SAAD21 Checked Credits.
[Wed_Jun_30_10:44:55_2021]: SAAD21 Logged In.
[Wed_Jun_30_10:44:56_2021]: SAAD21 Checked Credits.
[Wed_Jun_30_10:45:40_2021]: SAAD21 Logged In.
[Wed_Jun_30_10:45:41_2021]: SAAD21 Checked Credits.
[Wed_Jun_30_10:46:02_2021]: SAAD21 Logged In.
[Wed_Jun_30_10:46:04_2021]: SAAD21 Checked Credits.
[Wed_Jun_30_10:46:27_2021]: SAAD21 Logged In.
[Wed_Jun_30_10:46:28_2021]: SAAD21 Checked Credits.
[Wed_Jun_30_10:47:31_2021]: SAAD21 Logged In.
[Wed_Jun_30_10:49:10_2021]: SAAD21 Checked Credits.
[Wed_Jun_30_10:50:00_2021]: SAAD21 Logged In.
[Wed_Jun_30_10:50:01_2021]: SAAD21 Checked Credits.
[Wed_Jun_30_10:51:31_2021]: SAAD21 Logged In.
[Wed_Jun_30_10:51:32_2021]: SAAD21 Checked Credits.
[Wed_Jun_30_10:51:55_2021]: SAAD21 Logged In.
[Wed_Jun_30_10:51:56_2021]: SAAD21 Checked Credits.
[Wed_Jun_30_10:53:00_2021]: SAAD21 Logged In.
[Wed_Jun_30_10:53:01_2021]: SAAD21 Checked Credits.
[Wed_Jun_30_10:53:25_2021]: SAAD21 Logged In.
[Wed_Jun_30_10:53:27_2021]: SAAD21 Checked Credits.
[Wed_Jun_30_11:05:21_2021]: SAAD21 Logged In.
[Wed_Jun_30_11:05:24_2021]: SAAD21 Checked Credits.
[Wed_Jun_30_11:49:39_2021]: SAAD21 Logged In.
[Wed_Jun_30_11:49:42_2021]: SAAD21 Checked Credits.
[Wed_Jun_30_11:50:18_2021]: SAAD21 Logged In.
[Wed_Jun_30_11:50:20_2021]: SAAD21 Checked Credits.
[Wed_Jun_30_11:50:54_2021]: SAAD21 Logged In.
[Wed_Jun_30_11:50:56_2021]: SAAD21 Checked Credits.
[Wed_Jun_30_11:51:11_2021]: SAAD21 Logged In.
[Wed_Jun_30_11:51:12_2021]: SAAD21 Checked Credits.
[Wed_Jun_30_11:51:30_2021]: SAAD21 Logged In.
[Wed_Jun_30_11:51:31_2021]: SAAD21 Checked Credits.
[Wed_Jun_30_11:53:00_2021]: IRFAN Logged In.
[Wed_Jun_30_11:53:36_2021]: IRFAN Checked History.
[Wed_Jun_30_11:53:41_2021]: IRFAN Checked Credits.
[Wed_Jun_30_11:54:59_2021]: IRFAN Started Game with saad.
[Wed_Jun_30_11:58:54_2021]: IRFAN Loaded Saved Game.
[Wed_Jun_30_11:59:25_2021]: SAAD21 Logged In.
[Wed_Jun_30_11:59:33_2021]: SAAD21 Started Game with irfan.
[Wed_Jun_30_11:59:43_2021]: SAAD21 Loaded Saved Game.
[Wed_Jun_30_12:00:05_2021]: SAAD21 Logged In.
[Wed_Jun_30_12:00:06_2021]: SAAD21 Loaded Saved Game.
[Wed_Jun_30_12:03:17_2021]: SAAD21 Logged In.
[Wed_Jun_30_12:03:19_2021]: SAAD21 Exited.
[Wed_Jun_30_12:09:18_2021]: SAAD21 Logged In.
[Wed_Jun_30_12:09:22_2021]: SAAD21 Checked Credits.
[Wed_Jun_30_12:09:25_2021]: SAAD21 Check Account Info.
[Wed_Jun_30_12:09:51_2021]: SAAD21 Started Game with usman.
[Wed_Jun_30_12:20:52_2021]: SAAD21 Loaded Saved Game.
[Wed_Jun_30_12:37:35_2021]: SAAD21 Logged In.
[Wed_Jun_30_12:37:37_2021]: SAAD21 Loaded Saved Game.
[Wed_Jun_30_12:38:15_2021]: SAAD21 Logged In.
[Wed_Jun_30_12:38:16_2021]: SAAD21 Loaded Saved Game.
[Wed_Jun_30_12:39:22_2021]: SAAD21 Logged In.
[Wed_Jun_30_12:39:24_2021]: SAAD21 Loaded Saved Game.
[Wed_Jun_30_12:40:08_2021]: SAAD21 Logged In.
[Wed_Jun_30_12:40:09_2021]: SAAD21 Loaded Saved Game.
[Wed_Jun_30_12:40:52_2021]: SAAD21 Logged In.
[Wed_Jun_30_12:40:53_2021]: SAAD21 Exited.
[Wed_Jun_30_12:47:35_2021]: UNAIZ Logged In.
[Wed_Jun_30_12:56:34_2021]: SAAD21 Logged In.
[Wed_Jun_30_12:56:44_2021]: SAAD21 Started Game with saa.
[Wed_Jun_30_12:56:50_2021]: SAAD21 Loaded Saved Game.
[Wed_Jun_30_13:06:18_2021]: SAAD21 Logged In.
[Wed_Jun_30_13:06:30_2021]: SAAD21 Checked Credits.
[Wed_Jun_30_13:06:45_2021]: SAAD21 Check Account Info.
[Wed_Jun_30_13:07:01_2021]: SAAD21 Started Game with naeem.
[Wed_Jun_30_20:19:19_2021]: SAAD21 Logged In.
[Wed_Jun_30_20:19:21_2021]: SAAD21 Loaded Saved Game.
[Wed_Jun_30_22:39:09_2021]: SAAD21 Logged In.
[Wed_Jun_30_22:39:12_2021]: SAAD21 Loaded Saved Game.
[Wed_Jun_30_22:44:30_2021]: SAAD21 Logged In.
[Wed_Jun_30_22:44:31_2021]: SAAD21 Loaded Saved Game.
[Thu_Jul__1_16:15:05_2021]: SAAD21 Logged In.
[Thu_Jul__1_16:15:08_2021]: SAAD21 Loaded Saved Game.
[Thu_Jul__1_16:18:42_2021]: SAAD21 Logged In.
[Thu_Jul__1_16:18:43_2021]: SAAD21 Check Account Info.
[Thu_Jul__1_16:18:47_2021]: SAAD21 Checked History.
[Thu_Jul__1_16:19:31_2021]: SAAD21 Logged In.
[Thu_Jul__1_16:19:33_2021]: SAAD21 Checked History.
[Thu_Jul__1_16:19:46_2021]: SAAD21 Checked History.
[Thu_Jul__1_16:19:57_2021]: SAAD21 Checked Credits.
[Thu_Jul__1_16:21:05_2021]: SAAD21 Logged In.
[Thu_Jul__1_16:21:08_2021]: SAAD21 Checked Credits.
[Thu_Jul__1_16:21:37_2021]: SAAD21 Logged In.
[Thu_Jul__1_16:21:40_2021]: SAAD21 Checked Credits.
[Thu_Jul__1_16:23:42_2021]: SAAD21 Logged In.
[Thu_Jul__1_16:23:44_2021]: SAAD21 Checked Credits.
[Thu_Jul__1_16:23:48_2021]: SAAD21 Check Account Info.
[Thu_Jul__1_16:23:57_2021]: SAAD21 Checked History.
[Thu_Jul__1_16:24:02_2021]: SAAD21 Exited.
